<?xml version="1.0" encoding="UTF-8"?>
<!-- Generated by org.testng.reporters.JUnitReportReporter -->
<testsuite hostname="Lenovo" failures="0" tests="1" name="TestNGAnnotation.ToUnderstandAnnotation" time="0.011" errors="0" timestamp="2025-03-18T18:38:05 IST" skipped="0">
  <testcase classname="TestNGAnnotation.ToUnderstandAnnotation" name="Test2" time="0.011"/>
  <system-out>
    <![CDATA[This is Test Method]]>
  </system-out>
</testsuite> <!-- TestNGAnnotation.ToUnderstandAnnotation -->
