<?xml version="1.0" encoding="UTF-8"?>
<!-- Generated by org.testng.reporters.JUnitReportReporter -->
<testsuite hostname="Lenovo" failures="0" tests="1" name="TestNGExecution.LaunchFacebook" time="6.196" errors="0" timestamp="2025-03-17T17:14:50 IST" skipped="0">
  <testcase classname="TestNGExecution.LaunchFacebook" name="f" time="6.196"/>
  <system-out/>
</testsuite> <!-- TestNGExecution.LaunchFacebook -->
