<?xml version="1.0" encoding="UTF-8"?>
<!-- Generated by org.testng.reporters.JUnitReportReporter -->
<testsuite hostname="Lenovo" failures="0" tests="5" name="testNGPackage1.ToUnderstandThreadPoolSize" time="28.649" errors="0" timestamp="2025-03-17T18:48:14 IST" skipped="0">
  <testcase classname="testNGPackage1.ToUnderstandThreadPoolSize" name="launchSelenium" time="5.189"/>
  <system-out/>
  <testcase classname="testNGPackage1.ToUnderstandThreadPoolSize" name="launchSelenium" time="6.105"/>
  <system-out/>
  <testcase classname="testNGPackage1.ToUnderstandThreadPoolSize" name="launchSelenium" time="6.152"/>
  <system-out/>
  <testcase classname="testNGPackage1.ToUnderstandThreadPoolSize" name="launchSelenium" time="6.074"/>
  <system-out/>
  <testcase classname="testNGPackage1.ToUnderstandThreadPoolSize" name="launchSelenium" time="5.129"/>
  <system-out/>
</testsuite> <!-- testNGPackage1.ToUnderstandThreadPoolSize -->
