<?xml version="1.0" encoding="UTF-8"?>
<!-- Generated by org.testng.reporters.JUnitReportReporter -->
<testsuite hostname="Lenovo" failures="0" tests="3" name="testNGPackage1.ToUnderstandInvocationCount" time="26.448" errors="0" timestamp="2025-03-17T18:27:06 IST" skipped="0">
  <testcase classname="testNGPackage1.ToUnderstandInvocationCount" name="launchJavaPoint" time="16.068"/>
  <system-out/>
  <testcase classname="testNGPackage1.ToUnderstandInvocationCount" name="launchSelenium" time="4.127"/>
  <system-out/>
  <testcase classname="testNGPackage1.ToUnderstandInvocationCount" name="launchJavaPoint" time="6.253"/>
  <system-out/>
</testsuite> <!-- testNGPackage1.ToUnderstandInvocationCount -->
