<?xml version="1.0" encoding="UTF-8"?>
<!-- Generated by org.testng.reporters.JUnitReportReporter -->
<testsuite hostname="Lenovo" failures="0" tests="2" name="testNGPackage1.Demo" time="0.013" errors="0" timestamp="2025-03-03T12:10:07 IST" skipped="0">
  <testcase classname="testNGPackage1.Demo" name="method1" time="0.011"/>
  <system-out>
    <![CDATA[This is Testng method1]]>
  </system-out>
  <testcase classname="testNGPackage1.Demo" name="method2" time="0.002"/>
  <system-out>
    <![CDATA[This is Testng method2]]>
  </system-out>
</testsuite> <!-- testNGPackage1.Demo -->
