<?xml version="1.0" encoding="UTF-8"?>
<!-- Generated by org.testng.reporters.JUnitReportReporter -->
<testsuite hostname="Lenovo" failures="0" tests="1" name="TestNGExecution2.Kawasaki" time="52.731" errors="0" timestamp="2025-03-06T10:39:16 IST" skipped="0">
  <testcase classname="TestNGExecution2.Kawasaki" name="method1" time="52.731"/>
  <system-out/>
</testsuite> <!-- TestNGExecution2.Kawasaki -->
