<?xml version="1.0" encoding="UTF-8"?>
<!-- Generated by org.testng.reporters.JUnitReportReporter -->
<testsuite hostname="Lenovo" failures="0" tests="5" name="testNGPackage1.ToUnderstandDependonMethod" time="0.020" errors="0" timestamp="2025-03-17T18:57:23 IST" skipped="0">
  <testcase classname="testNGPackage1.ToUnderstandDependonMethod" name="login" time="0.003"/>
  <system-out>
    <![CDATA[This method is login method]]>
  </system-out>
  <testcase classname="testNGPackage1.ToUnderstandDependonMethod" name="logOut" time="0.001"/>
  <system-out>
    <![CDATA[This method is logOut method]]>
  </system-out>
  <testcase classname="testNGPackage1.ToUnderstandDependonMethod" name="moneyTransfer" time="0.002"/>
  <system-out>
    <![CDATA[This method is moneyTransfer method]]>
  </system-out>
  <testcase classname="testNGPackage1.ToUnderstandDependonMethod" name="checkAccountBalance" time="0.003"/>
  <system-out>
    <![CDATA[This method is checkAccountBalance method]]>
  </system-out>
  <testcase classname="testNGPackage1.ToUnderstandDependonMethod" name="register" time="0.011"/>
  <system-out>
    <![CDATA[This method is register method]]>
  </system-out>
</testsuite> <!-- testNGPackage1.ToUnderstandDependonMethod -->
