<?xml version="1.0" encoding="UTF-8"?>
<!-- Generated by org.testng.reporters.JUnitReportReporter -->
<testsuite hostname="Lenovo" failures="0" tests="1" name="TestNGExecution.LaunchInstagram" time="5.683" errors="0" timestamp="2025-03-17T17:14:50 IST" skipped="0">
  <testcase classname="TestNGExecution.LaunchInstagram" name="f1" time="5.683"/>
  <system-out/>
</testsuite> <!-- TestNGExecution.LaunchInstagram -->
