<?xml version="1.0" encoding="UTF-8"?>
<!-- Generated by org.testng.reporters.JUnitReportReporter -->
<testsuite hostname="Lenovo" failures="0" tests="1" name="testNGPackage1.ToUnderstandTimeOut" time="5.464" errors="0" timestamp="2025-03-16T16:13:50 IST" skipped="0">
  <testcase classname="testNGPackage1.ToUnderstandTimeOut" name="launchSelenium" time="5.464"/>
  <system-out/>
</testsuite> <!-- testNGPackage1.ToUnderstandTimeOut -->
