<?xml version="1.0" encoding="UTF-8"?>
<!-- Generated by org.testng.reporters.JUnitReportReporter -->
<testsuite hostname="Lenovo" failures="0" tests="5" name="testNGPackage1.ToUnderstandPriorityAttribute" time="0.019" errors="0" timestamp="2025-03-03T12:21:23 IST" skipped="0">
  <testcase classname="testNGPackage1.ToUnderstandPriorityAttribute" name="register" time="0.012"/>
  <system-out>
    <![CDATA[This is register method]]>
  </system-out>
  <testcase classname="testNGPackage1.ToUnderstandPriorityAttribute" name="login" time="0.001"/>
  <system-out>
    <![CDATA[This is login method]]>
  </system-out>
  <testcase classname="testNGPackage1.ToUnderstandPriorityAttribute" name="checkAccountBalance" time="0.004"/>
  <system-out>
    <![CDATA[This is check Account Balance  method]]>
  </system-out>
  <testcase classname="testNGPackage1.ToUnderstandPriorityAttribute" name="moneyTransfer" time="0.001"/>
  <system-out>
    <![CDATA[This is Money Transfer method]]>
  </system-out>
  <testcase classname="testNGPackage1.ToUnderstandPriorityAttribute" name="logout" time="0.001"/>
  <system-out>
    <![CDATA[This is logout method]]>
  </system-out>
</testsuite> <!-- testNGPackage1.ToUnderstandPriorityAttribute -->
