<?xml version="1.0" encoding="UTF-8"?>
<!-- Generated by org.testng.reporters.JUnitReportReporter -->
<testsuite hostname="Lenovo" failures="0" tests="1" name="TestNGExecution.LaunchTwitter" time="7.482" errors="0" timestamp="2025-03-17T17:14:50 IST" skipped="0">
  <testcase classname="TestNGExecution.LaunchTwitter" name="f3" time="7.482"/>
  <system-out/>
</testsuite> <!-- TestNGExecution.LaunchTwitter -->
