<?xml version="1.0" encoding="UTF-8"?>
<!-- Generated by org.testng.reporters.JUnitReportReporter -->
<testsuite hostname="Lenovo" failures="0" tests="1" name="TestCasePackage.TC_LaunchKTM_003_Test" time="7.966" errors="0" timestamp="2025-03-18T17:44:12 IST" skipped="0">
  <testcase classname="TestCasePackage.TC_LaunchKTM_003_Test" name="launchKTM" time="7.966"/>
  <system-out/>
</testsuite> <!-- TestCasePackage.TC_LaunchKTM_003_Test -->
