<?xml version="1.0" encoding="UTF-8"?>
<!-- Generated by org.testng.reporters.JUnitReportReporter -->
<testsuite hostname="Lenovo" failures="0" tests="1" name="TestCasePackage.TC_LaunchGoogle_001_Test" time="35.125" errors="0" timestamp="2025-03-15T10:39:26 IST" skipped="0">
  <testcase classname="TestCasePackage.TC_LaunchGoogle_001_Test" name="launchGoogle" time="35.125"/>
</testsuite> <!-- TestCasePackage.TC_LaunchGoogle_001_Test -->
