<?xml version="1.0" encoding="UTF-8"?>
<!-- Generated by org.testng.reporters.JUnitReportReporter -->
<testsuite hostname="Lenovo" failures="0" tests="1" name="TestCasePackage.TC_LaunchKTM_003_Test" time="5.975" errors="0" timestamp="2025-03-20T13:58:20 IST" skipped="0">
  <testcase classname="TestCasePackage.TC_LaunchKTM_003_Test" name="launchKTM" time="5.975"/>
</testsuite> <!-- TestCasePackage.TC_LaunchKTM_003_Test -->
