<?xml version="1.0" encoding="UTF-8"?>
<!-- Generated by org.testng.reporters.JUnitReportReporter -->
<testsuite hostname="Lenovo" failures="0" tests="1" name="TestCasePackage.TC_BMW_006_Test" time="6.933" errors="0" timestamp="2025-03-20T13:58:20 IST" skipped="0">
  <testcase classname="TestCasePackage.TC_BMW_006_Test" name="launchBMW" time="6.933"/>
</testsuite> <!-- TestCasePackage.TC_BMW_006_Test -->
