<?xml version="1.0" encoding="UTF-8"?>
<!-- Generated by org.testng.reporters.JUnitReportReporter -->
<testsuite hostname="Lenovo" failures="0" tests="1" name="TestCasePackage.TC_RoyalEnfield_004_Test" time="13.329" errors="0" timestamp="2025-03-20T13:58:20 IST" skipped="0">
  <testcase classname="TestCasePackage.TC_RoyalEnfield_004_Test" name="launchRoyalEnfield" time="13.329"/>
</testsuite> <!-- TestCasePackage.TC_RoyalEnfield_004_Test -->
