<?xml version="1.0" encoding="UTF-8"?>
<!-- Generated by org.testng.reporters.JUnitReportReporter -->
<testsuite hostname="Lenovo" failures="0" tests="1" name="TestCasePackage.TC_LaunchJawa_002_Test" time="26.736" errors="0" timestamp="2025-03-20T13:58:20 IST" skipped="0">
  <testcase classname="TestCasePackage.TC_LaunchJawa_002_Test" name="launchJawa" time="26.736"/>
</testsuite> <!-- TestCasePackage.TC_LaunchJawa_002_Test -->
