<?xml version="1.0" encoding="UTF-8"?>
<!-- Generated by org.testng.reporters.JUnitReportReporter -->
<testsuite hostname="Lenovo" failures="0" tests="1" name="TestCasePackage.TC_Tata_005_Test" time="7.352" errors="0" timestamp="2025-03-20T13:58:20 IST" skipped="0">
  <testcase classname="TestCasePackage.TC_Tata_005_Test" name="launchtata" time="7.352"/>
</testsuite> <!-- TestCasePackage.TC_Tata_005_Test -->
